<?xml version="1.0" encoding="UTF-8"?>
<!-- Generated by org.testng.reporters.JUnitXMLReporter -->
<testsuite ignored="4" hostname="OWNMUM-49272" failures="0" tests="4" name="Default test" time="0.114" errors="0" timestamp="2022-09-04T09:30:07 IST">
  <testcase classname="test.LoanTest" name="PersonalLoanTest" time="0.011"/>
  <testcase classname="test.LoanTest" name="PersonalLoanTest1" time="0.001"/>
  <testcase classname="test.LoanTest" name="HomeLoanTest" time="0.004"/>
  <testcase classname="test.CardTest" name="CCTest" time="0.002"/>
  <testcase classname="test.BaseClass" name="@AfterTest method4" time="0.0">
    <ignored/>
  </testcase> <!-- @AfterTest method4 -->
  <testcase classname="test.BaseClass" name="@AfterTest method4" time="0.0">
    <ignored/>
  </testcase> <!-- @AfterTest method4 -->
  <testcase classname="test.BaseClass" name="@BeforeTest method3" time="0.0">
    <ignored/>
  </testcase> <!-- @BeforeTest method3 -->
  <testcase classname="test.BaseClass" name="@BeforeTest method3" time="0.0">
    <ignored/>
  </testcase> <!-- @BeforeTest method3 -->
</testsuite> <!-- Default test -->
