<?xml version="1.0" encoding="UTF-8"?>
<testng-results ignored="4" total="8" passed="4" failed="0" skipped="0">
  <reporter-output>
  </reporter-output>
  <suite started-at="2022-09-04T09:30:07 IST" name="Default suite" finished-at="2022-09-04T09:30:07 IST" duration-ms="114">
    <groups>
      <group name="Sanity">
        <method signature="CardTest.CCTest()[pri:0, instance:test.CardTest@6d3a388c]" name="CCTest" class="test.CardTest"/>
        <method signature="LoanTest.HomeLoanTest()[pri:1, instance:test.LoanTest@1a4013]" name="HomeLoanTest" class="test.LoanTest"/>
      </group> <!-- Sanity -->
      <group name="regression">
        <method signature="LoanTest.HomeLoanTest()[pri:1, instance:test.LoanTest@1a4013]" name="HomeLoanTest" class="test.LoanTest"/>
        <method signature="LoanTest.PersonalLoanTest()[pri:0, instance:test.LoanTest@1a4013]" name="PersonalLoanTest" class="test.LoanTest"/>
      </group> <!-- regression -->
      <group name="GroupTest">
        <method signature="LoanTest.HomeLoanTest()[pri:1, instance:test.LoanTest@1a4013]" name="HomeLoanTest" class="test.LoanTest"/>
        <method signature="LoanTest.PersonalLoanTest()[pri:0, instance:test.LoanTest@1a4013]" name="PersonalLoanTest" class="test.LoanTest"/>
        <method signature="LoanTest.PersonalLoanTest1()[pri:0, instance:test.LoanTest@1a4013]" name="PersonalLoanTest1" class="test.LoanTest"/>
      </group> <!-- GroupTest -->
    </groups>
    <test started-at="2022-09-04T09:30:07 IST" name="Default test" finished-at="2022-09-04T09:30:07 IST" duration-ms="114">
      <class name="test.LoanTest">
        <test-method is-config="true" signature="method3()[pri:0, instance:test.LoanTest@1a4013]" started-at="2022-09-04T09:30:07 IST" name="method3" finished-at="2022-09-04T09:30:07 IST" duration-ms="11" status="PASS">
          <reporter-output>
          </reporter-output>
        </test-method> <!-- method3 -->
        <test-method is-config="true" signature="method1()[pri:0, instance:test.LoanTest@1a4013]" started-at="2022-09-04T09:30:07 IST" name="method1" finished-at="2022-09-04T09:30:07 IST" duration-ms="0" status="PASS">
          <reporter-output>
          </reporter-output>
        </test-method> <!-- method1 -->
        <test-method signature="PersonalLoanTest()[pri:0, instance:test.LoanTest@1a4013]" started-at="2022-09-04T09:30:07 IST" name="PersonalLoanTest" finished-at="2022-09-04T09:30:07 IST" duration-ms="11" status="PASS">
          <reporter-output>
          </reporter-output>
        </test-method> <!-- PersonalLoanTest -->
        <test-method is-config="true" signature="method2()[pri:0, instance:test.LoanTest@1a4013]" started-at="2022-09-04T09:30:07 IST" name="method2" finished-at="2022-09-04T09:30:07 IST" duration-ms="0" status="PASS">
          <reporter-output>
          </reporter-output>
        </test-method> <!-- method2 -->
        <test-method is-config="true" signature="method1()[pri:0, instance:test.LoanTest@1a4013]" started-at="2022-09-04T09:30:07 IST" name="method1" finished-at="2022-09-04T09:30:07 IST" duration-ms="1" status="PASS">
          <reporter-output>
          </reporter-output>
        </test-method> <!-- method1 -->
        <test-method signature="PersonalLoanTest1()[pri:0, instance:test.LoanTest@1a4013]" started-at="2022-09-04T09:30:07 IST" name="PersonalLoanTest1" finished-at="2022-09-04T09:30:07 IST" duration-ms="1" status="PASS">
          <reporter-output>
          </reporter-output>
        </test-method> <!-- PersonalLoanTest1 -->
        <test-method is-config="true" signature="method2()[pri:0, instance:test.LoanTest@1a4013]" started-at="2022-09-04T09:30:07 IST" name="method2" finished-at="2022-09-04T09:30:07 IST" duration-ms="0" status="PASS">
          <reporter-output>
          </reporter-output>
        </test-method> <!-- method2 -->
        <test-method is-config="true" signature="method1()[pri:0, instance:test.LoanTest@1a4013]" started-at="2022-09-04T09:30:07 IST" name="method1" finished-at="2022-09-04T09:30:07 IST" duration-ms="1" status="PASS">
          <reporter-output>
          </reporter-output>
        </test-method> <!-- method1 -->
        <test-method signature="HomeLoanTest()[pri:1, instance:test.LoanTest@1a4013]" started-at="2022-09-04T09:30:07 IST" name="HomeLoanTest" finished-at="2022-09-04T09:30:07 IST" duration-ms="4" status="PASS">
          <reporter-output>
          </reporter-output>
        </test-method> <!-- HomeLoanTest -->
        <test-method is-config="true" signature="method2()[pri:0, instance:test.LoanTest@1a4013]" started-at="2022-09-04T09:30:07 IST" name="method2" finished-at="2022-09-04T09:30:07 IST" duration-ms="1" status="PASS">
          <reporter-output>
          </reporter-output>
        </test-method> <!-- method2 -->
        <test-method is-config="true" signature="method4()[pri:0, instance:test.LoanTest@1a4013]" started-at="2022-09-04T09:30:07 IST" name="method4" finished-at="2022-09-04T09:30:07 IST" duration-ms="0" status="PASS">
          <reporter-output>
          </reporter-output>
        </test-method> <!-- method4 -->
      </class> <!-- test.LoanTest -->
      <class name="test.CardTest">
        <test-method is-config="true" signature="method1()[pri:0, instance:test.CardTest@6d3a388c]" started-at="2022-09-04T09:30:07 IST" name="method1" finished-at="2022-09-04T09:30:07 IST" duration-ms="1" status="PASS">
          <reporter-output>
          </reporter-output>
        </test-method> <!-- method1 -->
        <test-method signature="CCTest()[pri:0, instance:test.CardTest@6d3a388c]" started-at="2022-09-04T09:30:07 IST" name="CCTest" finished-at="2022-09-04T09:30:07 IST" duration-ms="2" status="PASS">
          <reporter-output>
          </reporter-output>
        </test-method> <!-- CCTest -->
        <test-method is-config="true" signature="method2()[pri:0, instance:test.CardTest@6d3a388c]" started-at="2022-09-04T09:30:07 IST" name="method2" finished-at="2022-09-04T09:30:07 IST" duration-ms="1" status="PASS">
          <reporter-output>
          </reporter-output>
        </test-method> <!-- method2 -->
      </class> <!-- test.CardTest -->
    </test> <!-- Default test -->
  </suite> <!-- Default suite -->
</testng-results>
